<?xml version="1.0" encoding="UTF-8"?>
<testng-results ignored="0" total="1" passed="1" failed="0" skipped="0">
  <reporter-output>
  </reporter-output>
  <suite started-at="2020-06-21T18:02:04 EDT" name="Default suite" finished-at="2020-06-21T18:02:24 EDT" duration-ms="20362">
    <groups>
    </groups>
    <test started-at="2020-06-21T18:02:04 EDT" name="Default test" finished-at="2020-06-21T18:02:24 EDT" duration-ms="20362">
      <class name="test.FluentWaitDemo">
        <test-method signature="test1()[pri:0, instance:test.FluentWaitDemo@29176cc1]" started-at="2020-06-21T18:02:04 EDT" name="test1" finished-at="2020-06-21T18:02:24 EDT" duration-ms="20232" status="PASS">
          <reporter-output>
          </reporter-output>
        </test-method> <!-- test1 -->
      </class> <!-- test.FluentWaitDemo -->
    </test> <!-- Default test -->
  </suite> <!-- Default suite -->
</testng-results>
